2022-03-31T06:37:38.201Z|info : amplify configure core  
2022-03-31T06:37:38.392Z|info : amplify-cli-core.banner-message/index.ts.fetch banner messages from https://aws-amplify.github.io/amplify-cli/banner-message.json({}
2022-03-31T06:42:19.206Z|info : amplify-provider-awscloudformation.system-config-manager.setProfile.writecredetialsFilePath(["C:\\Users\\nitee\\.aws\\credentials"])
2022-03-31T06:46:00.440Z|info : amplify pull core  {"appId":"[***]3upi3j","envName":"[***]ing","yes":false}
2022-03-31T06:46:00.584Z|info : amplify-cli-core.banner-message/index.ts.fetch banner messages from https://aws-amplify.github.io/amplify-cli/banner-message.json({}
2022-03-31T06:46:44.919Z|info : amplify-provider-awscloudformation.amplify-service-permission-check.checkAmplifyServiceIAMPermission.amplifyClient.listApps([])
2022-03-31T06:46:45.873Z|info : amplify-provider-awscloudformation.attach-backend.getAmplifyApp.amplifyClient.getApp([{"appId":"[***]3upi3j"}])
2022-03-31T06:46:46.698Z|info : amplify-provider-awscloudformation.attach-backend.getBackendEnv.amplifyClient.getBackendEnvironment([{"appId":"[***]3upi3j","environmentName":"[***]ing"}])
2022-03-31T06:46:47.531Z|info : amplify-provider-awscloudformation.attach-backend.downloadBackend.s3.getObject([{"Key":"[***]rent-[***]ud-[***]d.zip","Bucket":"[***]ify-[***]fd2f83f4-[***]ing-[***]31-[***]ment"}])
2022-03-31T06:46:48.890Z|info : amplify-provider-awscloudformation.hooks-manager.downloadHooks.s3.listObjects([{"Prefix":"hooks/","Bucket":"[***]ify-[***]fd2f83f4-[***]ing-[***]31-[***]ment"}])
2022-03-31T06:48:12.043Z|info : amplify-provider-awscloudformation.zip-util.downloadZip.s3.getFile([{"Key":"[***]rent-[***]ud-[***]d.zip"},null])
2022-03-31T06:48:12.068Z|info : amplify-provider-awscloudformation.aws-s3.s3.getFile([{"Key":"[***]rent-[***]ud-[***]d.zip","Bucket":"[***]ify-[***]fd2f83f4-[***]ing-[***]31-[***]ment"}])
2022-03-31T06:48:13.306Z|info : amplify-provider-awscloudformation.aws-s3.getAllObjectKey.s3.listObjectVersions([{"Bucket":"[***]ify-[***]fd2f83f4-[***]ing-[***]31-[***]ment","Prefix":"hooks/"}])
2022-03-31T06:48:14.294Z|info : amplify-provider-awscloudformation.initialize-env.run.cfn.updateamplifyMetaFileWithStackOutputs([{"StackName":"[***]ify-[***]fd2f83f4-[***]ing-[***]31"}])
2022-03-31T06:48:14.303Z|info : amplify-provider-awscloudformation.aws-cfn.updateamplifyMetaFileWithStackOutputs.cfn.listStackResources([{"StackName":"[***]ify-[***]fd2f83f4-[***]ing-[***]31"}])
2022-03-31T06:48:15.505Z|info : amplify-provider-awscloudformation.aws-cfn.describeStack.cfn.describeStacks([{"StackName":"[***]ify-[***]fd2f83f4-[***]ing-[***]31"}])
2022-03-31T06:48:16.997Z|info : amplify-provider-awscloudformation.aws-s3.s3.getFile([{"Key":"[***]ify-[***]json","Bucket":"[***]ify-[***]fd2f83f4-[***]ing-[***]31-[***]ment"}])
2022-03-31T06:52:08.736Z|info : amplify add auth  
2022-03-31T06:52:08.881Z|info : amplify-cli-core.banner-message/index.ts.fetch banner messages from https://aws-amplify.github.io/amplify-cli/banner-message.json({}
2022-03-31T06:52:57.065Z|info : amplify push core  {"yes":true}
2022-03-31T06:52:57.212Z|info : amplify-cli-core.banner-message/index.ts.fetch banner messages from https://aws-amplify.github.io/amplify-cli/banner-message.json({}
2022-03-31T06:53:09.476Z|info : amplify-provider-awscloudformation.aws-s3.deleteDirectory.s3.getAllObjectVersions([{"BucketName":"[***]ify-[***]fd2f83f4-[***]ing-[***]31-[***]ment"}])
2022-03-31T06:53:09.479Z|info : amplify-provider-awscloudformation.aws-s3.getAllObjectKey.s3.listObjectVersions([{"Bucket":"[***]ify-[***]fd2f83f4-[***]ing-[***]31-[***]ment","Prefix":"hooks/"}])
2022-03-31T06:53:14.129Z|info : amplify-provider-awscloudformation.zip-util.downloadZip.s3.getFile([{"Key":"[***]rent-[***]ud-[***]d.zip"},null])
2022-03-31T06:53:14.149Z|info : amplify-provider-awscloudformation.aws-s3.s3.getFile([{"Key":"[***]rent-[***]ud-[***]d.zip","Bucket":"[***]ify-[***]fd2f83f4-[***]ing-[***]31-[***]ment"}])
2022-03-31T06:53:15.663Z|info : amplify-provider-awscloudformation.initialize-env.run.cfn.updateamplifyMetaFileWithStackOutputs([{"StackName":"[***]ify-[***]fd2f83f4-[***]ing-[***]31"}])
2022-03-31T06:53:15.681Z|info : amplify-provider-awscloudformation.aws-cfn.updateamplifyMetaFileWithStackOutputs.cfn.listStackResources([{"StackName":"[***]ify-[***]fd2f83f4-[***]ing-[***]31"}])
2022-03-31T06:53:16.771Z|info : amplify-provider-awscloudformation.aws-cfn.describeStack.cfn.describeStacks([{"StackName":"[***]ify-[***]fd2f83f4-[***]ing-[***]31"}])
2022-03-31T06:53:18.121Z|info : amplify-provider-awscloudformation.aws-s3.s3.getFile([{"Key":"[***]ify-[***]json","Bucket":"[***]ify-[***]fd2f83f4-[***]ing-[***]31-[***]ment"}])
2022-03-31T06:53:21.415Z|info : amplify-provider-awscloudformation.aws-s3.uploadFile.s3.putObject([{"Body":{"fd":null,"path":"C:\\Users\\nitee\\amplify\\backend\\awscloudformation\\build\\auth\\amplifyappe2716b8e\\build\\amplifyappe2716b8e-cloudformation-template.json","flags":"r","mode":438,"end":null,"bytesRead":0,"closed":false,"_readableState":{"objectMode":false,"highWaterMark":65536,"buffer":{"head":null,"tail":null,"length":0},"length":0,"pipes":[],"flowing":null,"ended":false,"endEmitted":false,"reading":false,"constructed":false,"sync":true,"needReadable":false,"emittedReadable":false,"readableListening":false,"resumeScheduled":false,"errorEmitted":false,"emitClose":true,"autoDestroy":true,"destroyed":false,"errored":null,"closed":false,"closeEmitted":false,"defaultEncoding":"utf8","awaitDrainWriters":null,"multiAwaitDrain":false,"readingMore":false,"dataEmitted":false,"decoder":null,"encoding":null},"_events":{},"_eventsCount":1},"Key":"[***]ify-[***]fn-[***]ates/[***]th/[***]e2716b8e-[***]mation-[***]e.json","Bucket":"[***]ify-[***]fd2f83f4-[***]ing-[***]31-[***]ment"}])
2022-03-31T06:53:27.382Z|info : amplify-provider-awscloudformation.push-resources.updateCloudFormationNestedStack(["C:\\Users\\nitee\\amplify\\backend\\awscloudformation","C:\\Users\\nitee\\amplify\\backend\\awscloudformation\\build\\awscloudformation\\build\\root-cloudformation-stack.json"])
2022-03-31T06:53:27.413Z|info : amplify-provider-awscloudformation.aws-cfn.updateResourceStack.s3.uploadFile([{}])
2022-03-31T06:53:27.415Z|info : amplify-provider-awscloudformation.aws-s3.uploadFile.s3.putObject([{"Body":{"fd":null,"path":"C:\\Users\\nitee\\amplify\\backend\\awscloudformation\\build\\awscloudformation\\build\\[***]ot-[***]mation-[***]json","flags":"r","mode":438,"end":null,"bytesRead":0,"closed":false,"_readableState":{"objectMode":false,"highWaterMark":65536,"buffer":{"head":null,"tail":null,"length":0},"length":0,"pipes":[],"flowing":null,"ended":false,"endEmitted":false,"reading":false,"constructed":false,"sync":true,"needReadable":false,"emittedReadable":false,"readableListening":false,"resumeScheduled":false,"errorEmitted":false,"emitClose":true,"autoDestroy":true,"destroyed":false,"errored":null,"closed":false,"closeEmitted":false,"defaultEncoding":"utf8","awaitDrainWriters":null,"multiAwaitDrain":false,"readingMore":false,"dataEmitted":false,"decoder":null,"encoding":null},"_events":{},"_eventsCount":1},"Key":"root-cloudformation-stack.json","Bucket":"[***]ify-[***]fd2f83f4-[***]ing-[***]31-[***]ment"}])
2022-03-31T06:53:28.733Z|info : amplify-provider-awscloudformation.aws-cfn.updateResourceStack.describeStack([{"StackName":"[***]ify-[***]fd2f83f4-[***]ing-[***]31"}])
2022-03-31T06:53:28.734Z|info : amplify-provider-awscloudformation.aws-cfn.describeStack.cfn.describeStacks([{"StackName":"[***]ify-[***]fd2f83f4-[***]ing-[***]31"}])
2022-03-31T06:53:29.763Z|info : amplify-provider-awscloudformation.aws-cfn.updateResourceStack.updateStack([{"StackName":"[***]ify-[***]fd2f83f4-[***]ing-[***]31"}])
2022-03-31T06:53:36.161Z|info : amplify-provider-awscloudformation.aws-cfn.getStackEvents.cfnModel.describeStackEvents([{"StackName":"[***]ify-[***]fd2f83f4-[***]ing-[***]31"}])
2022-03-31T06:53:37.478Z|info : amplify-provider-awscloudformation.aws-cfn.getStackEvents.cfnModel.describeStackEvents([{"StackName":"[***]rmation:us-[***]st-[***]33:stack/[***]ify-[***]fd2f83f4-[***]ing-[***]31/[***]3cb0-[***]bd-[***]ec-[***]e3-[***]48cc4"}])
2022-03-31T06:53:41.165Z|info : amplify-provider-awscloudformation.aws-cfn.getStackEvents.cfnModel.describeStackEvents([{"StackName":"[***]ify-[***]fd2f83f4-[***]ing-[***]31"}])
2022-03-31T06:53:42.529Z|info : amplify-provider-awscloudformation.aws-cfn.getStackEvents.cfnModel.describeStackEvents([{"StackName":"[***]rmation:us-[***]st-[***]33:stack/[***]ify-[***]fd2f83f4-[***]ing-[***]31/[***]3cb0-[***]bd-[***]ec-[***]e3-[***]48cc4"}])
2022-03-31T06:53:46.167Z|info : amplify-provider-awscloudformation.aws-cfn.getStackEvents.cfnModel.describeStackEvents([{"StackName":"[***]ify-[***]fd2f83f4-[***]ing-[***]31"}])
2022-03-31T06:53:47.266Z|info : amplify-provider-awscloudformation.aws-cfn.getStackEvents.cfnModel.describeStackEvents([{"StackName":"[***]rmation:us-[***]st-[***]33:stack/[***]ify-[***]fd2f83f4-[***]ing-[***]31/[***]3cb0-[***]bd-[***]ec-[***]e3-[***]48cc4"}])
2022-03-31T06:53:51.192Z|info : amplify-provider-awscloudformation.aws-cfn.getStackEvents.cfnModel.describeStackEvents([{"StackName":"[***]ify-[***]fd2f83f4-[***]ing-[***]31"}])
2022-03-31T06:53:53.020Z|info : amplify-provider-awscloudformation.aws-cfn.getStackEvents.cfnModel.describeStackEvents([{"StackName":"[***]rmation:us-[***]st-[***]33:stack/[***]ify-[***]fd2f83f4-[***]ing-[***]31-[***]pe2716b8e-[***]4QAYG/[***]1f90-[***]bf-[***]ec-[***]f4-[***]32df4"}])
2022-03-31T06:53:53.127Z|info : amplify-provider-awscloudformation.aws-cfn.getStackEvents.cfnModel.describeStackEvents([{"StackName":"[***]rmation:us-[***]st-[***]33:stack/[***]ify-[***]fd2f83f4-[***]ing-[***]31/[***]3cb0-[***]bd-[***]ec-[***]e3-[***]48cc4"}])
2022-03-31T06:53:54.537Z|info : amplify-provider-awscloudformation.aws-cfn.getStackEvents.cfnModel.describeStackEvents([{"StackName":"[***]rmation:us-[***]st-[***]33:stack/[***]ify-[***]fd2f83f4-[***]ing-[***]31-[***]pe2716b8e-[***]4QAYG/[***]1f90-[***]bf-[***]ec-[***]f4-[***]32df4"}])
2022-03-31T06:53:56.207Z|info : amplify-provider-awscloudformation.aws-cfn.getStackEvents.cfnModel.describeStackEvents([{"StackName":"[***]ify-[***]fd2f83f4-[***]ing-[***]31"}])
2022-03-31T06:53:57.613Z|info : amplify-provider-awscloudformation.aws-cfn.getStackEvents.cfnModel.describeStackEvents([{"StackName":"[***]rmation:us-[***]st-[***]33:stack/[***]ify-[***]fd2f83f4-[***]ing-[***]31-[***]pe2716b8e-[***]4QAYG/[***]1f90-[***]bf-[***]ec-[***]f4-[***]32df4"}])
2022-03-31T06:53:57.706Z|info : amplify-provider-awscloudformation.aws-cfn.getStackEvents.cfnModel.describeStackEvents([{"StackName":"[***]rmation:us-[***]st-[***]33:stack/[***]ify-[***]fd2f83f4-[***]ing-[***]31/[***]3cb0-[***]bd-[***]ec-[***]e3-[***]48cc4"}])
2022-03-31T06:53:59.291Z|info : amplify-provider-awscloudformation.aws-cfn.getStackEvents.cfnModel.describeStackEvents([{"StackName":"[***]rmation:us-[***]st-[***]33:stack/[***]ify-[***]fd2f83f4-[***]ing-[***]31-[***]pe2716b8e-[***]4QAYG/[***]1f90-[***]bf-[***]ec-[***]f4-[***]32df4"}])
2022-03-31T06:54:01.209Z|info : amplify-provider-awscloudformation.aws-cfn.getStackEvents.cfnModel.describeStackEvents([{"StackName":"[***]ify-[***]fd2f83f4-[***]ing-[***]31"}])
2022-03-31T06:54:02.521Z|info : amplify-provider-awscloudformation.aws-cfn.getStackEvents.cfnModel.describeStackEvents([{"StackName":"[***]rmation:us-[***]st-[***]33:stack/[***]ify-[***]fd2f83f4-[***]ing-[***]31-[***]pe2716b8e-[***]4QAYG/[***]1f90-[***]bf-[***]ec-[***]f4-[***]32df4"}])
2022-03-31T06:54:02.629Z|info : amplify-provider-awscloudformation.aws-cfn.getStackEvents.cfnModel.describeStackEvents([{"StackName":"[***]rmation:us-[***]st-[***]33:stack/[***]ify-[***]fd2f83f4-[***]ing-[***]31/[***]3cb0-[***]bd-[***]ec-[***]e3-[***]48cc4"}])
2022-03-31T06:54:03.853Z|info : amplify-provider-awscloudformation.aws-cfn.getStackEvents.cfnModel.describeStackEvents([{"StackName":"[***]rmation:us-[***]st-[***]33:stack/[***]ify-[***]fd2f83f4-[***]ing-[***]31-[***]pe2716b8e-[***]4QAYG/[***]1f90-[***]bf-[***]ec-[***]f4-[***]32df4"}])
2022-03-31T06:54:06.218Z|info : amplify-provider-awscloudformation.aws-cfn.getStackEvents.cfnModel.describeStackEvents([{"StackName":"[***]ify-[***]fd2f83f4-[***]ing-[***]31"}])
2022-03-31T06:54:07.505Z|info : amplify-provider-awscloudformation.aws-cfn.getStackEvents.cfnModel.describeStackEvents([{"StackName":"[***]rmation:us-[***]st-[***]33:stack/[***]ify-[***]fd2f83f4-[***]ing-[***]31-[***]pe2716b8e-[***]4QAYG/[***]1f90-[***]bf-[***]ec-[***]f4-[***]32df4"}])
2022-03-31T06:54:07.600Z|info : amplify-provider-awscloudformation.aws-cfn.getStackEvents.cfnModel.describeStackEvents([{"StackName":"[***]rmation:us-[***]st-[***]33:stack/[***]ify-[***]fd2f83f4-[***]ing-[***]31/[***]3cb0-[***]bd-[***]ec-[***]e3-[***]48cc4"}])
2022-03-31T06:54:08.857Z|info : amplify-provider-awscloudformation.aws-cfn.getStackEvents.cfnModel.describeStackEvents([{"StackName":"[***]rmation:us-[***]st-[***]33:stack/[***]ify-[***]fd2f83f4-[***]ing-[***]31-[***]pe2716b8e-[***]4QAYG/[***]1f90-[***]bf-[***]ec-[***]f4-[***]32df4"}])
2022-03-31T06:54:11.219Z|info : amplify-provider-awscloudformation.aws-cfn.getStackEvents.cfnModel.describeStackEvents([{"StackName":"[***]ify-[***]fd2f83f4-[***]ing-[***]31"}])
2022-03-31T06:54:13.214Z|info : amplify-provider-awscloudformation.aws-cfn.getStackEvents.cfnModel.describeStackEvents([{"StackName":"[***]rmation:us-[***]st-[***]33:stack/[***]ify-[***]fd2f83f4-[***]ing-[***]31-[***]pe2716b8e-[***]4QAYG/[***]1f90-[***]bf-[***]ec-[***]f4-[***]32df4"}])
2022-03-31T06:54:13.324Z|info : amplify-provider-awscloudformation.aws-cfn.getStackEvents.cfnModel.describeStackEvents([{"StackName":"[***]rmation:us-[***]st-[***]33:stack/[***]ify-[***]fd2f83f4-[***]ing-[***]31/[***]3cb0-[***]bd-[***]ec-[***]e3-[***]48cc4"}])
2022-03-31T06:54:14.809Z|info : amplify-provider-awscloudformation.aws-cfn.getStackEvents.cfnModel.describeStackEvents([{"StackName":"[***]rmation:us-[***]st-[***]33:stack/[***]ify-[***]fd2f83f4-[***]ing-[***]31-[***]pe2716b8e-[***]4QAYG/[***]1f90-[***]bf-[***]ec-[***]f4-[***]32df4"}])
2022-03-31T06:54:16.217Z|info : amplify-provider-awscloudformation.aws-cfn.getStackEvents.cfnModel.describeStackEvents([{"StackName":"[***]ify-[***]fd2f83f4-[***]ing-[***]31"}])
2022-03-31T06:54:17.738Z|info : amplify-provider-awscloudformation.aws-cfn.getStackEvents.cfnModel.describeStackEvents([{"StackName":"[***]rmation:us-[***]st-[***]33:stack/[***]ify-[***]fd2f83f4-[***]ing-[***]31-[***]pe2716b8e-[***]4QAYG/[***]1f90-[***]bf-[***]ec-[***]f4-[***]32df4"}])
2022-03-31T06:54:17.830Z|info : amplify-provider-awscloudformation.aws-cfn.getStackEvents.cfnModel.describeStackEvents([{"StackName":"[***]rmation:us-[***]st-[***]33:stack/[***]ify-[***]fd2f83f4-[***]ing-[***]31/[***]3cb0-[***]bd-[***]ec-[***]e3-[***]48cc4"}])
2022-03-31T06:54:19.197Z|info : amplify-provider-awscloudformation.aws-cfn.getStackEvents.cfnModel.describeStackEvents([{"StackName":"[***]rmation:us-[***]st-[***]33:stack/[***]ify-[***]fd2f83f4-[***]ing-[***]31-[***]pe2716b8e-[***]4QAYG/[***]1f90-[***]bf-[***]ec-[***]f4-[***]32df4"}])
2022-03-31T06:54:21.246Z|info : amplify-provider-awscloudformation.aws-cfn.getStackEvents.cfnModel.describeStackEvents([{"StackName":"[***]ify-[***]fd2f83f4-[***]ing-[***]31"}])
2022-03-31T06:54:23.998Z|info : amplify-provider-awscloudformation.aws-cfn.getStackEvents.cfnModel.describeStackEvents([{"StackName":"[***]rmation:us-[***]st-[***]33:stack/[***]ify-[***]fd2f83f4-[***]ing-[***]31-[***]pe2716b8e-[***]4QAYG/[***]1f90-[***]bf-[***]ec-[***]f4-[***]32df4"}])
2022-03-31T06:54:24.092Z|info : amplify-provider-awscloudformation.aws-cfn.getStackEvents.cfnModel.describeStackEvents([{"StackName":"[***]rmation:us-[***]st-[***]33:stack/[***]ify-[***]fd2f83f4-[***]ing-[***]31/[***]3cb0-[***]bd-[***]ec-[***]e3-[***]48cc4"}])
2022-03-31T06:54:25.655Z|info : amplify-provider-awscloudformation.aws-cfn.getStackEvents.cfnModel.describeStackEvents([{"StackName":"[***]rmation:us-[***]st-[***]33:stack/[***]ify-[***]fd2f83f4-[***]ing-[***]31-[***]pe2716b8e-[***]4QAYG/[***]1f90-[***]bf-[***]ec-[***]f4-[***]32df4"}])
2022-03-31T06:54:26.245Z|info : amplify-provider-awscloudformation.aws-cfn.getStackEvents.cfnModel.describeStackEvents([{"StackName":"[***]ify-[***]fd2f83f4-[***]ing-[***]31"}])
2022-03-31T06:54:27.779Z|info : amplify-provider-awscloudformation.aws-cfn.getStackEvents.cfnModel.describeStackEvents([{"StackName":"[***]rmation:us-[***]st-[***]33:stack/[***]ify-[***]fd2f83f4-[***]ing-[***]31-[***]pe2716b8e-[***]4QAYG/[***]1f90-[***]bf-[***]ec-[***]f4-[***]32df4"}])
2022-03-31T06:54:27.871Z|info : amplify-provider-awscloudformation.aws-cfn.getStackEvents.cfnModel.describeStackEvents([{"StackName":"[***]rmation:us-[***]st-[***]33:stack/[***]ify-[***]fd2f83f4-[***]ing-[***]31/[***]3cb0-[***]bd-[***]ec-[***]e3-[***]48cc4"}])
2022-03-31T06:54:29.450Z|info : amplify-provider-awscloudformation.aws-cfn.getStackEvents.cfnModel.describeStackEvents([{"StackName":"[***]rmation:us-[***]st-[***]33:stack/[***]ify-[***]fd2f83f4-[***]ing-[***]31-[***]pe2716b8e-[***]4QAYG/[***]1f90-[***]bf-[***]ec-[***]f4-[***]32df4"}])
2022-03-31T06:54:31.259Z|info : amplify-provider-awscloudformation.aws-cfn.getStackEvents.cfnModel.describeStackEvents([{"StackName":"[***]ify-[***]fd2f83f4-[***]ing-[***]31"}])
2022-03-31T06:54:32.715Z|info : amplify-provider-awscloudformation.aws-cfn.getStackEvents.cfnModel.describeStackEvents([{"StackName":"[***]rmation:us-[***]st-[***]33:stack/[***]ify-[***]fd2f83f4-[***]ing-[***]31-[***]pe2716b8e-[***]4QAYG/[***]1f90-[***]bf-[***]ec-[***]f4-[***]32df4"}])
2022-03-31T06:54:32.807Z|info : amplify-provider-awscloudformation.aws-cfn.getStackEvents.cfnModel.describeStackEvents([{"StackName":"[***]rmation:us-[***]st-[***]33:stack/[***]ify-[***]fd2f83f4-[***]ing-[***]31/[***]3cb0-[***]bd-[***]ec-[***]e3-[***]48cc4"}])
2022-03-31T06:54:34.322Z|info : amplify-provider-awscloudformation.aws-cfn.getStackEvents.cfnModel.describeStackEvents([{"StackName":"[***]rmation:us-[***]st-[***]33:stack/[***]ify-[***]fd2f83f4-[***]ing-[***]31-[***]pe2716b8e-[***]4QAYG/[***]1f90-[***]bf-[***]ec-[***]f4-[***]32df4"}])
2022-03-31T06:54:36.257Z|info : amplify-provider-awscloudformation.aws-cfn.getStackEvents.cfnModel.describeStackEvents([{"StackName":"[***]ify-[***]fd2f83f4-[***]ing-[***]31"}])
2022-03-31T06:54:37.629Z|info : amplify-provider-awscloudformation.aws-cfn.getStackEvents.cfnModel.describeStackEvents([{"StackName":"[***]rmation:us-[***]st-[***]33:stack/[***]ify-[***]fd2f83f4-[***]ing-[***]31-[***]pe2716b8e-[***]4QAYG/[***]1f90-[***]bf-[***]ec-[***]f4-[***]32df4"}])
2022-03-31T06:54:37.736Z|info : amplify-provider-awscloudformation.aws-cfn.getStackEvents.cfnModel.describeStackEvents([{"StackName":"[***]rmation:us-[***]st-[***]33:stack/[***]ify-[***]fd2f83f4-[***]ing-[***]31/[***]3cb0-[***]bd-[***]ec-[***]e3-[***]48cc4"}])
2022-03-31T06:54:39.327Z|info : amplify-provider-awscloudformation.aws-cfn.getStackEvents.cfnModel.describeStackEvents([{"StackName":"[***]rmation:us-[***]st-[***]33:stack/[***]ify-[***]fd2f83f4-[***]ing-[***]31-[***]pe2716b8e-[***]4QAYG/[***]1f90-[***]bf-[***]ec-[***]f4-[***]32df4"}])
2022-03-31T06:54:41.265Z|info : amplify-provider-awscloudformation.aws-cfn.getStackEvents.cfnModel.describeStackEvents([{"StackName":"[***]ify-[***]fd2f83f4-[***]ing-[***]31"}])
2022-03-31T06:54:42.517Z|info : amplify-provider-awscloudformation.aws-cfn.getStackEvents.cfnModel.describeStackEvents([{"StackName":"[***]rmation:us-[***]st-[***]33:stack/[***]ify-[***]fd2f83f4-[***]ing-[***]31-[***]pe2716b8e-[***]4QAYG/[***]1f90-[***]bf-[***]ec-[***]f4-[***]32df4"}])
2022-03-31T06:54:42.623Z|info : amplify-provider-awscloudformation.aws-cfn.getStackEvents.cfnModel.describeStackEvents([{"StackName":"[***]rmation:us-[***]st-[***]33:stack/[***]ify-[***]fd2f83f4-[***]ing-[***]31/[***]3cb0-[***]bd-[***]ec-[***]e3-[***]48cc4"}])
2022-03-31T06:54:43.875Z|info : amplify-provider-awscloudformation.aws-cfn.getStackEvents.cfnModel.describeStackEvents([{"StackName":"[***]rmation:us-[***]st-[***]33:stack/[***]ify-[***]fd2f83f4-[***]ing-[***]31-[***]pe2716b8e-[***]4QAYG/[***]1f90-[***]bf-[***]ec-[***]f4-[***]32df4"}])
2022-03-31T06:54:46.264Z|info : amplify-provider-awscloudformation.aws-cfn.getStackEvents.cfnModel.describeStackEvents([{"StackName":"[***]ify-[***]fd2f83f4-[***]ing-[***]31"}])
2022-03-31T06:54:47.483Z|info : amplify-provider-awscloudformation.aws-cfn.getStackEvents.cfnModel.describeStackEvents([{"StackName":"[***]rmation:us-[***]st-[***]33:stack/[***]ify-[***]fd2f83f4-[***]ing-[***]31-[***]pe2716b8e-[***]4QAYG/[***]1f90-[***]bf-[***]ec-[***]f4-[***]32df4"}])
2022-03-31T06:54:47.596Z|info : amplify-provider-awscloudformation.aws-cfn.getStackEvents.cfnModel.describeStackEvents([{"StackName":"[***]rmation:us-[***]st-[***]33:stack/[***]ify-[***]fd2f83f4-[***]ing-[***]31/[***]3cb0-[***]bd-[***]ec-[***]e3-[***]48cc4"}])
2022-03-31T06:54:48.977Z|info : amplify-provider-awscloudformation.aws-cfn.getStackEvents.cfnModel.describeStackEvents([{"StackName":"[***]rmation:us-[***]st-[***]33:stack/[***]ify-[***]fd2f83f4-[***]ing-[***]31-[***]pe2716b8e-[***]4QAYG/[***]1f90-[***]bf-[***]ec-[***]f4-[***]32df4"}])
2022-03-31T06:54:51.270Z|info : amplify-provider-awscloudformation.aws-cfn.getStackEvents.cfnModel.describeStackEvents([{"StackName":"[***]ify-[***]fd2f83f4-[***]ing-[***]31"}])
2022-03-31T06:54:52.567Z|info : amplify-provider-awscloudformation.aws-cfn.getStackEvents.cfnModel.describeStackEvents([{"StackName":"[***]rmation:us-[***]st-[***]33:stack/[***]ify-[***]fd2f83f4-[***]ing-[***]31-[***]pe2716b8e-[***]4QAYG/[***]1f90-[***]bf-[***]ec-[***]f4-[***]32df4"}])
2022-03-31T06:54:52.676Z|info : amplify-provider-awscloudformation.aws-cfn.getStackEvents.cfnModel.describeStackEvents([{"StackName":"[***]rmation:us-[***]st-[***]33:stack/[***]ify-[***]fd2f83f4-[***]ing-[***]31/[***]3cb0-[***]bd-[***]ec-[***]e3-[***]48cc4"}])
2022-03-31T06:54:54.178Z|info : amplify-provider-awscloudformation.aws-cfn.getStackEvents.cfnModel.describeStackEvents([{"StackName":"[***]rmation:us-[***]st-[***]33:stack/[***]ify-[***]fd2f83f4-[***]ing-[***]31-[***]pe2716b8e-[***]4QAYG/[***]1f90-[***]bf-[***]ec-[***]f4-[***]32df4"}])
2022-03-31T06:54:56.274Z|info : amplify-provider-awscloudformation.aws-cfn.getStackEvents.cfnModel.describeStackEvents([{"StackName":"[***]ify-[***]fd2f83f4-[***]ing-[***]31"}])
2022-03-31T06:54:57.575Z|info : amplify-provider-awscloudformation.aws-cfn.getStackEvents.cfnModel.describeStackEvents([{"StackName":"[***]rmation:us-[***]st-[***]33:stack/[***]ify-[***]fd2f83f4-[***]ing-[***]31-[***]pe2716b8e-[***]4QAYG/[***]1f90-[***]bf-[***]ec-[***]f4-[***]32df4"}])
2022-03-31T06:54:57.684Z|info : amplify-provider-awscloudformation.aws-cfn.getStackEvents.cfnModel.describeStackEvents([{"StackName":"[***]rmation:us-[***]st-[***]33:stack/[***]ify-[***]fd2f83f4-[***]ing-[***]31/[***]3cb0-[***]bd-[***]ec-[***]e3-[***]48cc4"}])
2022-03-31T06:54:58.903Z|info : amplify-provider-awscloudformation.aws-cfn.getStackEvents.cfnModel.describeStackEvents([{"StackName":"[***]rmation:us-[***]st-[***]33:stack/[***]ify-[***]fd2f83f4-[***]ing-[***]31-[***]pe2716b8e-[***]4QAYG/[***]1f90-[***]bf-[***]ec-[***]f4-[***]32df4"}])
2022-03-31T06:55:01.276Z|info : amplify-provider-awscloudformation.aws-cfn.getStackEvents.cfnModel.describeStackEvents([{"StackName":"[***]ify-[***]fd2f83f4-[***]ing-[***]31"}])
2022-03-31T06:55:02.574Z|info : amplify-provider-awscloudformation.aws-cfn.getStackEvents.cfnModel.describeStackEvents([{"StackName":"[***]rmation:us-[***]st-[***]33:stack/[***]ify-[***]fd2f83f4-[***]ing-[***]31-[***]pe2716b8e-[***]4QAYG/[***]1f90-[***]bf-[***]ec-[***]f4-[***]32df4"}])
2022-03-31T06:55:02.681Z|info : amplify-provider-awscloudformation.aws-cfn.getStackEvents.cfnModel.describeStackEvents([{"StackName":"[***]rmation:us-[***]st-[***]33:stack/[***]ify-[***]fd2f83f4-[***]ing-[***]31/[***]3cb0-[***]bd-[***]ec-[***]e3-[***]48cc4"}])
2022-03-31T06:55:04.323Z|info : amplify-provider-awscloudformation.aws-cfn.getStackEvents.cfnModel.describeStackEvents([{"StackName":"[***]rmation:us-[***]st-[***]33:stack/[***]ify-[***]fd2f83f4-[***]ing-[***]31-[***]pe2716b8e-[***]4QAYG/[***]1f90-[***]bf-[***]ec-[***]f4-[***]32df4"}])
2022-03-31T06:55:06.301Z|info : amplify-provider-awscloudformation.aws-cfn.getStackEvents.cfnModel.describeStackEvents([{"StackName":"[***]ify-[***]fd2f83f4-[***]ing-[***]31"}])
2022-03-31T06:55:07.648Z|info : amplify-provider-awscloudformation.aws-cfn.getStackEvents.cfnModel.describeStackEvents([{"StackName":"[***]rmation:us-[***]st-[***]33:stack/[***]ify-[***]fd2f83f4-[***]ing-[***]31-[***]pe2716b8e-[***]4QAYG/[***]1f90-[***]bf-[***]ec-[***]f4-[***]32df4"}])
2022-03-31T06:55:07.743Z|info : amplify-provider-awscloudformation.aws-cfn.getStackEvents.cfnModel.describeStackEvents([{"StackName":"[***]rmation:us-[***]st-[***]33:stack/[***]ify-[***]fd2f83f4-[***]ing-[***]31/[***]3cb0-[***]bd-[***]ec-[***]e3-[***]48cc4"}])
2022-03-31T06:55:09.244Z|info : amplify-provider-awscloudformation.aws-cfn.getStackEvents.cfnModel.describeStackEvents([{"StackName":"[***]rmation:us-[***]st-[***]33:stack/[***]ify-[***]fd2f83f4-[***]ing-[***]31-[***]pe2716b8e-[***]4QAYG/[***]1f90-[***]bf-[***]ec-[***]f4-[***]32df4"}])
2022-03-31T06:55:11.290Z|info : amplify-provider-awscloudformation.aws-cfn.getStackEvents.cfnModel.describeStackEvents([{"StackName":"[***]ify-[***]fd2f83f4-[***]ing-[***]31"}])
2022-03-31T06:55:12.756Z|info : amplify-provider-awscloudformation.aws-cfn.getStackEvents.cfnModel.describeStackEvents([{"StackName":"[***]rmation:us-[***]st-[***]33:stack/[***]ify-[***]fd2f83f4-[***]ing-[***]31-[***]pe2716b8e-[***]4QAYG/[***]1f90-[***]bf-[***]ec-[***]f4-[***]32df4"}])
2022-03-31T06:55:12.851Z|info : amplify-provider-awscloudformation.aws-cfn.getStackEvents.cfnModel.describeStackEvents([{"StackName":"[***]rmation:us-[***]st-[***]33:stack/[***]ify-[***]fd2f83f4-[***]ing-[***]31/[***]3cb0-[***]bd-[***]ec-[***]e3-[***]48cc4"}])
2022-03-31T06:55:14.075Z|info : amplify-provider-awscloudformation.aws-cfn.getStackEvents.cfnModel.describeStackEvents([{"StackName":"[***]rmation:us-[***]st-[***]33:stack/[***]ify-[***]fd2f83f4-[***]ing-[***]31-[***]pe2716b8e-[***]4QAYG/[***]1f90-[***]bf-[***]ec-[***]f4-[***]32df4"}])
2022-03-31T06:55:16.299Z|info : amplify-provider-awscloudformation.aws-cfn.getStackEvents.cfnModel.describeStackEvents([{"StackName":"[***]ify-[***]fd2f83f4-[***]ing-[***]31"}])
2022-03-31T06:55:17.746Z|info : amplify-provider-awscloudformation.aws-cfn.getStackEvents.cfnModel.describeStackEvents([{"StackName":"[***]rmation:us-[***]st-[***]33:stack/[***]ify-[***]fd2f83f4-[***]ing-[***]31-[***]pe2716b8e-[***]4QAYG/[***]1f90-[***]bf-[***]ec-[***]f4-[***]32df4"}])
2022-03-31T06:55:17.838Z|info : amplify-provider-awscloudformation.aws-cfn.getStackEvents.cfnModel.describeStackEvents([{"StackName":"[***]rmation:us-[***]st-[***]33:stack/[***]ify-[***]fd2f83f4-[***]ing-[***]31/[***]3cb0-[***]bd-[***]ec-[***]e3-[***]48cc4"}])
2022-03-31T06:55:19.323Z|info : amplify-provider-awscloudformation.aws-cfn.getStackEvents.cfnModel.describeStackEvents([{"StackName":"[***]rmation:us-[***]st-[***]33:stack/[***]ify-[***]fd2f83f4-[***]ing-[***]31-[***]pe2716b8e-[***]4QAYG/[***]1f90-[***]bf-[***]ec-[***]f4-[***]32df4"}])
2022-03-31T06:55:21.320Z|info : amplify-provider-awscloudformation.aws-cfn.getStackEvents.cfnModel.describeStackEvents([{"StackName":"[***]ify-[***]fd2f83f4-[***]ing-[***]31"}])
2022-03-31T06:55:22.609Z|info : amplify-provider-awscloudformation.aws-cfn.getStackEvents.cfnModel.describeStackEvents([{"StackName":"[***]rmation:us-[***]st-[***]33:stack/[***]ify-[***]fd2f83f4-[***]ing-[***]31-[***]pe2716b8e-[***]4QAYG/[***]1f90-[***]bf-[***]ec-[***]f4-[***]32df4"}])
2022-03-31T06:55:22.716Z|info : amplify-provider-awscloudformation.aws-cfn.getStackEvents.cfnModel.describeStackEvents([{"StackName":"[***]rmation:us-[***]st-[***]33:stack/[***]ify-[***]fd2f83f4-[***]ing-[***]31/[***]3cb0-[***]bd-[***]ec-[***]e3-[***]48cc4"}])
2022-03-31T06:55:23.936Z|info : amplify-provider-awscloudformation.aws-cfn.getStackEvents.cfnModel.describeStackEvents([{"StackName":"[***]rmation:us-[***]st-[***]33:stack/[***]ify-[***]fd2f83f4-[***]ing-[***]31-[***]pe2716b8e-[***]4QAYG/[***]1f90-[***]bf-[***]ec-[***]f4-[***]32df4"}])
2022-03-31T06:55:26.319Z|info : amplify-provider-awscloudformation.aws-cfn.getStackEvents.cfnModel.describeStackEvents([{"StackName":"[***]ify-[***]fd2f83f4-[***]ing-[***]31"}])
2022-03-31T06:55:27.866Z|info : amplify-provider-awscloudformation.aws-cfn.getStackEvents.cfnModel.describeStackEvents([{"StackName":"[***]rmation:us-[***]st-[***]33:stack/[***]ify-[***]fd2f83f4-[***]ing-[***]31/[***]3cb0-[***]bd-[***]ec-[***]e3-[***]48cc4"}])
2022-03-31T06:55:31.329Z|info : amplify-provider-awscloudformation.aws-cfn.getStackEvents.cfnModel.describeStackEvents([{"StackName":"[***]ify-[***]fd2f83f4-[***]ing-[***]31"}])
2022-03-31T06:55:33.174Z|info : amplify-provider-awscloudformation.aws-cfn.getStackEvents.cfnModel.describeStackEvents([{"StackName":"[***]rmation:us-[***]st-[***]33:stack/[***]ify-[***]fd2f83f4-[***]ing-[***]31/[***]3cb0-[***]bd-[***]ec-[***]e3-[***]48cc4"}])
2022-03-31T06:55:36.344Z|info : amplify-provider-awscloudformation.aws-cfn.getStackEvents.cfnModel.describeStackEvents([{"StackName":"[***]ify-[***]fd2f83f4-[***]ing-[***]31"}])
2022-03-31T06:55:37.992Z|info : amplify-provider-awscloudformation.aws-cfn.getStackEvents.cfnModel.describeStackEvents([{"StackName":"[***]rmation:us-[***]st-[***]33:stack/[***]ify-[***]fd2f83f4-[***]ing-[***]31/[***]3cb0-[***]bd-[***]ec-[***]e3-[***]48cc4"}])
2022-03-31T06:55:41.352Z|info : amplify-provider-awscloudformation.aws-cfn.getStackEvents.cfnModel.describeStackEvents([{"StackName":"[***]ify-[***]fd2f83f4-[***]ing-[***]31"}])
2022-03-31T06:55:43.340Z|info : amplify-provider-awscloudformation.aws-cfn.getStackEvents.cfnModel.describeStackEvents([{"StackName":"[***]rmation:us-[***]st-[***]33:stack/[***]ify-[***]fd2f83f4-[***]ing-[***]31/[***]3cb0-[***]bd-[***]ec-[***]e3-[***]48cc4"}])
2022-03-31T06:55:46.376Z|info : amplify-provider-awscloudformation.aws-cfn.getStackEvents.cfnModel.describeStackEvents([{"StackName":"[***]ify-[***]fd2f83f4-[***]ing-[***]31"}])
2022-03-31T06:55:51.370Z|info : amplify-provider-awscloudformation.aws-cfn.getStackEvents.cfnModel.describeStackEvents([{"StackName":"[***]ify-[***]fd2f83f4-[***]ing-[***]31"}])
2022-03-31T06:55:56.374Z|info : amplify-provider-awscloudformation.aws-cfn.getStackEvents.cfnModel.describeStackEvents([{"StackName":"[***]ify-[***]fd2f83f4-[***]ing-[***]31"}])
2022-03-31T06:56:01.400Z|info : amplify-provider-awscloudformation.aws-cfn.getStackEvents.cfnModel.describeStackEvents([{"StackName":"[***]ify-[***]fd2f83f4-[***]ing-[***]31"}])
2022-03-31T06:56:06.384Z|info : amplify-provider-awscloudformation.aws-cfn.getStackEvents.cfnModel.describeStackEvents([{"StackName":"[***]ify-[***]fd2f83f4-[***]ing-[***]31"}])
2022-03-31T06:56:07.369Z|info : amplify-provider-awscloudformation.aws-cfn.updateamplifyMetaFileWithStackOutputs.cfn.listStackResources([{"StackName":"[***]ify-[***]fd2f83f4-[***]ing-[***]31"}])
2022-03-31T06:56:08.393Z|info : amplify-provider-awscloudformation.aws-cfn.describeStack.cfn.describeStacks([{"StackName":"[***]ify-[***]fd2f83f4-[***]ing-[***]31"}])
2022-03-31T06:56:09.493Z|info : amplify-provider-awscloudformation.aws-cfn.describeStack.cfn.describeStacks([{"StackName":"[***]rmation:us-[***]st-[***]33:stack/[***]ify-[***]fd2f83f4-[***]ing-[***]31-[***]pe2716b8e-[***]4QAYG/[***]1f90-[***]bf-[***]ec-[***]f4-[***]32df4"}])
2022-03-31T06:56:10.666Z|info : amplify-provider-awscloudformation.aws-s3.deleteObject.s3([{"BucketName":"[***]ify-[***]fd2f83f4-[***]ing-[***]31-[***]ment","FilePath":"deployment-state.json"}])
2022-03-31T06:56:10.667Z|info : amplify-provider-awscloudformation.aws-s3.checkExistObject.s3([{"BucketName":"[***]ify-[***]fd2f83f4-[***]ing-[***]31-[***]ment","FilePath":"deployment-state.json"}])
2022-03-31T06:56:11.748Z|info : amplify-provider-awscloudformation.aws-s3.checkExistObject.s3([{"BucketName":"[***]ify-[***]fd2f83f4-[***]ing-[***]31-[***]ment","FilePath":"deployment-state.json","Error":"NotFound"}])
2022-03-31T06:56:16.241Z|info : amplify-provider-awscloudformation.push-resources.storeCurrentcoudBackend.s3.uploadFile([{"Key":"[***]rent-[***]ud-[***]d.zip"}])
2022-03-31T06:56:16.243Z|info : amplify-provider-awscloudformation.aws-s3.uploadFile.s3.putObject([{"Body":{"fd":null,"path":"C:\\Users\\nitee\\amplify\\backend\\.temp\\[***]rent-[***]ud-[***]d.zip","flags":"r","mode":438,"end":null,"bytesRead":0,"closed":false,"_readableState":{"objectMode":false,"highWaterMark":65536,"buffer":{"head":null,"tail":null,"length":0},"length":0,"pipes":[],"flowing":null,"ended":false,"endEmitted":false,"reading":false,"constructed":false,"sync":true,"needReadable":false,"emittedReadable":false,"readableListening":false,"resumeScheduled":false,"errorEmitted":false,"emitClose":true,"autoDestroy":true,"destroyed":false,"errored":null,"closed":false,"closeEmitted":false,"defaultEncoding":"utf8","awaitDrainWriters":null,"multiAwaitDrain":false,"readingMore":false,"dataEmitted":false,"decoder":null,"encoding":null},"_events":{},"_eventsCount":1},"Key":"#current-cloud-backend.zip","Bucket":"[***]ify-[***]fd2f83f4-[***]ing-[***]31-[***]ment"}])
2022-03-31T06:56:17.851Z|info : amplify-provider-awscloudformation.amplify-service-manager.s3.uploadFile([{"Key":"[***]ify-[***]json"}])
2022-03-31T06:56:17.853Z|info : amplify-provider-awscloudformation.aws-s3.uploadFile.s3.putObject([{"Body":{"fd":null,"path":"C:\\Users\\nitee\\amplify\\#current-cloud-backend\\[***]ify-[***]json","flags":"r","mode":438,"end":null,"bytesRead":0,"closed":false,"_readableState":{"objectMode":false,"highWaterMark":65536,"buffer":{"head":null,"tail":null,"length":0},"length":0,"pipes":[],"flowing":null,"ended":false,"endEmitted":false,"reading":false,"constructed":false,"sync":true,"needReadable":false,"emittedReadable":false,"readableListening":false,"resumeScheduled":false,"errorEmitted":false,"emitClose":true,"autoDestroy":true,"destroyed":false,"errored":null,"closed":false,"closeEmitted":false,"defaultEncoding":"utf8","awaitDrainWriters":null,"multiAwaitDrain":false,"readingMore":false,"dataEmitted":false,"decoder":null,"encoding":null},"_events":{},"_eventsCount":1},"Key":"amplify-meta.json","Bucket":"[***]ify-[***]fd2f83f4-[***]ing-[***]31-[***]ment"}])
2022-03-31T06:56:19.131Z|info : amplify-provider-awscloudformation.amplify-service-manager.s3.uploadFile([{"Key":"[***]end-[***].json"}])
2022-03-31T06:56:19.133Z|info : amplify-provider-awscloudformation.aws-s3.uploadFile.s3.putObject([{"Body":{"fd":null,"path":"C:\\Users\\nitee\\amplify\\#current-cloud-backend\\[***]end-[***].json","flags":"r","mode":438,"end":null,"bytesRead":0,"closed":false,"_readableState":{"objectMode":false,"highWaterMark":65536,"buffer":{"head":null,"tail":null,"length":0},"length":0,"pipes":[],"flowing":null,"ended":false,"endEmitted":false,"reading":false,"constructed":false,"sync":true,"needReadable":false,"emittedReadable":false,"readableListening":false,"resumeScheduled":false,"errorEmitted":false,"emitClose":true,"autoDestroy":true,"destroyed":false,"errored":null,"closed":false,"closeEmitted":false,"defaultEncoding":"utf8","awaitDrainWriters":null,"multiAwaitDrain":false,"readingMore":false,"dataEmitted":false,"decoder":null,"encoding":null},"_events":{},"_eventsCount":1},"Key":"backend-config.json","Bucket":"[***]ify-[***]fd2f83f4-[***]ing-[***]31-[***]ment"}])
2022-03-31T06:56:20.387Z|info : amplify-provider-awscloudformation.display-helpful-urls.showCognitoSandBoxMessage(["amplifyappe2716b8e"])
2022-03-31T07:13:28.236Z|info : amplify add auth  
2022-03-31T07:13:28.366Z|info : amplify-cli-core.banner-message/index.ts.fetch banner messages from https://aws-amplify.github.io/amplify-cli/banner-message.json({}
2022-03-31T07:13:53.152Z|info : amplify update auth  
2022-03-31T07:13:53.308Z|info : amplify-cli-core.banner-message/index.ts.fetch banner messages from https://aws-amplify.github.io/amplify-cli/banner-message.json({}
2022-03-31T07:15:11.689Z|info : amplify update auth  
2022-03-31T07:15:11.882Z|info : amplify-cli-core.banner-message/index.ts.fetch banner messages from https://aws-amplify.github.io/amplify-cli/banner-message.json({}
2022-03-31T07:15:59.726Z|info : amplify add auth  
2022-03-31T07:15:59.920Z|info : amplify-cli-core.banner-message/index.ts.fetch banner messages from https://aws-amplify.github.io/amplify-cli/banner-message.json({}
2022-03-31T07:16:20.143Z|info : amplify push core  {"yes":true}
2022-03-31T07:16:20.345Z|info : amplify-cli-core.banner-message/index.ts.fetch banner messages from https://aws-amplify.github.io/amplify-cli/banner-message.json({}
2022-03-31T07:16:32.226Z|info : amplify-provider-awscloudformation.aws-s3.deleteDirectory.s3.getAllObjectVersions([{"BucketName":"[***]ify-[***]fd2f83f4-[***]ing-[***]31-[***]ment"}])
2022-03-31T07:16:32.228Z|info : amplify-provider-awscloudformation.aws-s3.getAllObjectKey.s3.listObjectVersions([{"Bucket":"[***]ify-[***]fd2f83f4-[***]ing-[***]31-[***]ment","Prefix":"hooks/"}])
2022-03-31T07:16:36.402Z|info : amplify-provider-awscloudformation.zip-util.downloadZip.s3.getFile([{"Key":"[***]rent-[***]ud-[***]d.zip"},null])
2022-03-31T07:16:36.428Z|info : amplify-provider-awscloudformation.aws-s3.s3.getFile([{"Key":"[***]rent-[***]ud-[***]d.zip","Bucket":"[***]ify-[***]fd2f83f4-[***]ing-[***]31-[***]ment"}])
2022-03-31T07:16:37.918Z|info : amplify-provider-awscloudformation.initialize-env.run.cfn.updateamplifyMetaFileWithStackOutputs([{"StackName":"[***]ify-[***]fd2f83f4-[***]ing-[***]31"}])
2022-03-31T07:16:37.940Z|info : amplify-provider-awscloudformation.aws-cfn.updateamplifyMetaFileWithStackOutputs.cfn.listStackResources([{"StackName":"[***]ify-[***]fd2f83f4-[***]ing-[***]31"}])
2022-03-31T07:16:39.258Z|info : amplify-provider-awscloudformation.aws-cfn.describeStack.cfn.describeStacks([{"StackName":"[***]ify-[***]fd2f83f4-[***]ing-[***]31"}])
2022-03-31T07:16:40.561Z|info : amplify-provider-awscloudformation.aws-cfn.describeStack.cfn.describeStacks([{"StackName":"[***]rmation:us-[***]st-[***]33:stack/[***]ify-[***]fd2f83f4-[***]ing-[***]31-[***]pe2716b8e-[***]4QAYG/[***]1f90-[***]bf-[***]ec-[***]f4-[***]32df4"}])
2022-03-31T07:16:41.733Z|info : amplify-provider-awscloudformation.aws-s3.s3.getFile([{"Key":"[***]ify-[***]json","Bucket":"[***]ify-[***]fd2f83f4-[***]ing-[***]31-[***]ment"}])
2022-03-31T07:43:37.977Z|info : amplify console core  
2022-03-31T07:43:38.055Z|info : amplify-cli-core.banner-message/index.ts.fetch banner messages from https://aws-amplify.github.io/amplify-cli/banner-message.json({}
